Flutter crash report.
Please report a bug at https://github.com/flutter/flutter/issues.

## command

flutter analyze

## exception

_Exception: Exception: analysis server exited with code 255 and output:
[stderr] #38     ListIterable.toList (dart:_internal/iterable.dart:224:7)
[stderr] #39     ContextManagerImpl._createAnalysisContexts.performContextRebuildGuarded (package:analysis_server/src/context_manager.dart:713:12)
[stderr] #40     _CancellingTaskQueue.queue.<anonymous closure> (package:analysis_server/src/context_manager.dart:1040:33)
[stderr] #41     _rootRunUnary (dart:async/zone_root.dart:48:47)
[stderr] #42     _CustomZone.runUnary (dart:async/zone.dart:733:19)
[stderr] <asynchronous suspension>
[stderr] #43     _CancellingTaskQueue.queue.<anonymous closure> (package:analysis_server/src/context_manager.dart:1041:15)
[stderr] <asynchronous suspension>
[stderr] #44     ContextManagerImpl.setRoots (package:analysis_server/src/context_manager.dart:386:5)
[stderr] <asynchronous suspension>
[stderr] #45     LegacyAnalysisServer.setAnalysisRoots (package:analysis_server/src/legacy_analysis_server.dart:901:9)
[stderr] <asynchronous suspension>
[stderr] #46     AnalysisSetAnalysisRootsHandler.handle (package:analysis_server/src/handler/legacy/analysis_set_analysis_roots.dart:56:7)
[stderr] <asynchronous suspension>
[stderr] #47     LegacyAnalysisServer.handleRequest.<anonymous closure>.<anonymous closure> (package:analysis_server/src/legacy_analysis_server.dart:648:13)
[stderr] <asynchronous suspension>
[stderr] #48     OperationPerformanceImpl.runAsync (package:analyzer/src/util/performance/operation_performance.dart:201:14)
[stderr] <asynchronous suspension>
[stderr] #49     LegacyAnalysisServer.handleRequest.<anonymous closure> (package:analysis_server/src/legacy_analysis_server.dart:628:9)
[stderr] <asynchronous suspension>

```
```

## flutter doctor

```
[✓] Flutter (Channel stable, 3.41.9, on Fedora Linux 43 (Workstation Edition) 6.19.14-200.fc43.x86_64, locale C.UTF-8) [53ms]
    • Flutter version 3.41.9 on channel stable at /home/admin/development/flutter
    • Upstream repository https://github.com/flutter/flutter.git
    • Framework revision 00b0c91f06 (3 weeks ago), 2026-04-29 10:03:19 -0700
    • Engine revision 42d3d75a56
    • Dart version 3.11.5
    • DevTools version 2.54.2
    • Feature flags: enable-web, enable-linux-desktop, enable-macos-desktop, enable-windows-desktop, enable-android, enable-ios, cli-animations, enable-native-assets, omit-legacy-version-file, enable-lldb-debugging, enable-uiscene-migration

[✗] Android toolchain - develop for Android devices [31ms]
    ✗ Unable to locate Android SDK.
      Install Android Studio from: https://developer.android.com/studio/index.html
      On first launch it will assist you in installing the Android SDK components.
      (or visit https://flutter.dev/to/linux-android-setup for detailed instructions).
      If the Android SDK has been installed to a custom location, please use
      `flutter config --android-sdk` to update to that location.


[✓] Chrome - develop for the web [17ms]
    • Chrome at google-chrome

[✗] Linux toolchain - develop for Linux desktop [100ms]
    ✗ clang++ is required for Linux development.
      It is likely available from your distribution (e.g.: apt install clang), or can be downloaded from https://releases.llvm.org/
    ✗ CMake is required for Linux development.
      It is likely available from your distribution (e.g.: apt install cmake), or can be downloaded from https://cmake.org/download/
    ✗ ninja is required for Linux development.
      It is likely available from your distribution (e.g.: apt install ninja-build), or can be downloaded from https://github.com/ninja-build/ninja/releases
    • pkg-config version 2.3.0
    ✗ GTK 3.0 development libraries are required for Linux development.
      They are likely available from your distribution (e.g.: apt install libgtk-3-dev)
    ! Unable to access driver information using 'eglinfo'.
      It is likely available from your distribution (e.g.: apt install mesa-utils)

[✓] Connected device (2 available) [113ms]
    • Linux (desktop) • linux  • linux-x64      • Fedora Linux 43 (Workstation Edition) 6.19.14-200.fc43.x86_64
    • Chrome (web)    • chrome • web-javascript • Google Chrome 148.0.7778.167

[✓] Network resources [485ms]
    • All expected network resources are available.

! Doctor found issues in 2 categories.
```
